app/build/intermediates/manifest_merge_blame_file/debug/manifest-merger-blame-debug-report.txt
1<?xml version="1.0" encoding="utf-8"?>
2<manifest xmlns:android="http://schemas.android.com/apk/res/android"
3    package="com.example.project_android_duan"
4    android:versionCode="1"
5    android:versionName="1.0" >
6
7    <uses-sdk
8        android:minSdkVersion="17"
8-->src\main\AndroidManifest.xml
9        android:targetSdkVersion="29" />
9-->src\main\AndroidManifest.xml
10
11    <uses-feature
11-->src\main\AndroidManifest.xml:5:5-7:35
12        android:name="android.hardware.camera"
12-->src\main\AndroidManifest.xml:6:9-47
13        android:required="true" />
13-->src\main\AndroidManifest.xml:7:9-32
14
15    <uses-permission android:name="android.permission.INTERNET" />
15-->src\main\AndroidManifest.xml:9:5-67
15-->src\main\AndroidManifest.xml:9:22-64
16    <uses-permission android:name="android.permission.INTERNET" />
16-->src\main\AndroidManifest.xml:9:5-67
16-->src\main\AndroidManifest.xml:9:22-64
17    <uses-permission android:name="android.permission.WRITE_EXTERNAL_STORAGE" />
17-->src\main\AndroidManifest.xml:11:5-81
17-->src\main\AndroidManifest.xml:11:22-78
18    <uses-permission android:name="android.permission.READ_EXTERNAL_STORAGE" />
18-->src\main\AndroidManifest.xml:12:5-80
18-->src\main\AndroidManifest.xml:12:22-77
19
20    <!-- Although the *SdkVersion is captured in gradle build files, this is required for non gradle builds -->
21    <!-- <uses-sdk android:minSdkVersion="14"/> -->
22    <uses-permission android:name="android.permission.ACCESS_NETWORK_STATE" />
22-->[com.google.firebase:firebase-database:19.1.0] AndroidManifest.xml:25:5-79
22-->[com.google.firebase:firebase-database:19.1.0] AndroidManifest.xml:25:22-76
23
24    <application
24-->src\main\AndroidManifest.xml:14:5-40:19
25        android:allowBackup="true"
25-->src\main\AndroidManifest.xml:15:9-35
26        android:appComponentFactory="androidx.core.app.CoreComponentFactory"
26-->[androidx.core:core:1.1.0] AndroidManifest.xml:24:18-86
27        android:debuggable="true"
28        android:icon="@mipmap/ic_launcher"
28-->src\main\AndroidManifest.xml:16:9-43
29        android:label="@string/app_name"
29-->src\main\AndroidManifest.xml:17:9-41
30        android:roundIcon="@mipmap/ic_launcher_round"
30-->src\main\AndroidManifest.xml:18:9-54
31        android:supportsRtl="true"
31-->src\main\AndroidManifest.xml:19:9-35
32        android:testOnly="true"
33        android:theme="@style/AppTheme" >
33-->src\main\AndroidManifest.xml:20:9-40
34        <activity android:name="com.example.project_android_duan.ChitietDonHang_Activity" />
34-->src\main\AndroidManifest.xml:21:9-70
34-->src\main\AndroidManifest.xml:21:19-58
35        <activity android:name="com.example.project_android_duan.oder.Item_hoadon_foodActivity" />
35-->src\main\AndroidManifest.xml:22:9-67
35-->src\main\AndroidManifest.xml:22:19-64
36        <activity android:name="com.example.project_android_duan.oder.Item_hoadonActivity" />
36-->src\main\AndroidManifest.xml:23:9-62
36-->src\main\AndroidManifest.xml:23:19-59
37        <activity android:name="com.example.project_android_duan.oder.Add_foodActivity" />
37-->src\main\AndroidManifest.xml:24:9-59
37-->src\main\AndroidManifest.xml:24:19-56
38        <activity android:name="com.example.project_android_duan.oder.Add_drinkActivity" />
38-->src\main\AndroidManifest.xml:25:9-60
38-->src\main\AndroidManifest.xml:25:19-57
39        <activity android:name="com.example.project_android_duan.account.Add_Account_Activity" />
39-->src\main\AndroidManifest.xml:26:9-66
39-->src\main\AndroidManifest.xml:26:19-63
40        <activity android:name="com.example.project_android_duan.account.Infor_User_Activity" />
40-->src\main\AndroidManifest.xml:27:9-65
40-->src\main\AndroidManifest.xml:27:19-62
41        <activity android:name="com.example.project_android_duan.oder.Main2Activity_Oder" />
41-->src\main\AndroidManifest.xml:28:9-61
41-->src\main\AndroidManifest.xml:28:19-58
42        <activity android:name="com.example.project_android_duan.HomeScreen_Activity" />
42-->src\main\AndroidManifest.xml:29:9-57
42-->src\main\AndroidManifest.xml:29:19-54
43        <activity android:name="com.example.project_android_duan.Creat_Login_Activity" />
43-->src\main\AndroidManifest.xml:30:9-58
43-->src\main\AndroidManifest.xml:30:19-55
44        <activity android:name="com.example.project_android_duan.LoginAccount_Activity" />
44-->src\main\AndroidManifest.xml:31:9-59
44-->src\main\AndroidManifest.xml:31:19-56
45        <activity android:name="com.example.project_android_duan.Login_App_Activity" />
45-->src\main\AndroidManifest.xml:32:9-56
45-->src\main\AndroidManifest.xml:32:19-53
46        <activity android:name="com.example.project_android_duan.MainActivity" >
46-->src\main\AndroidManifest.xml:33:9-39:20
46-->src\main\AndroidManifest.xml:33:19-47
47            <intent-filter>
47-->src\main\AndroidManifest.xml:34:13-38:29
48                <action android:name="android.intent.action.MAIN" />
48-->src\main\AndroidManifest.xml:35:17-69
48-->src\main\AndroidManifest.xml:35:25-66
49
50                <category android:name="android.intent.category.LAUNCHER" />
50-->src\main\AndroidManifest.xml:37:17-77
50-->src\main\AndroidManifest.xml:37:27-74
51            </intent-filter>
52        </activity>
53
54        <service
54-->[com.google.firebase:firebase-database:19.1.0] AndroidManifest.xml:29:9-35:19
55            android:name="com.google.firebase.components.ComponentDiscoveryService"
55-->[com.google.firebase:firebase-database:19.1.0] AndroidManifest.xml:30:13-84
56            android:directBootAware="true"
56-->[com.google.firebase:firebase-common:19.1.0] AndroidManifest.xml:14:13-43
57            android:exported="false" >
57-->[com.google.firebase:firebase-database:19.1.0] AndroidManifest.xml:31:13-37
58            <meta-data
58-->[com.google.firebase:firebase-database:19.1.0] AndroidManifest.xml:32:13-34:85
59                android:name="com.google.firebase.components:com.google.firebase.database.DatabaseRegistrar"
59-->[com.google.firebase:firebase-database:19.1.0] AndroidManifest.xml:33:17-109
60                android:value="com.google.firebase.components.ComponentRegistrar" />
60-->[com.google.firebase:firebase-database:19.1.0] AndroidManifest.xml:34:17-82
61            <meta-data
61-->[com.google.firebase:firebase-storage:17.0.0] AndroidManifest.xml:31:13-33:85
62                android:name="com.google.firebase.components:com.google.firebase.storage.StorageRegistrar"
62-->[com.google.firebase:firebase-storage:17.0.0] AndroidManifest.xml:32:17-107
63                android:value="com.google.firebase.components.ComponentRegistrar" />
63-->[com.google.firebase:firebase-storage:17.0.0] AndroidManifest.xml:33:17-82
64            <meta-data
64-->[com.google.firebase:firebase-auth:19.1.0] AndroidManifest.xml:36:13-38:85
65                android:name="com.google.firebase.components:com.google.firebase.auth.FirebaseAuthRegistrar"
65-->[com.google.firebase:firebase-auth:19.1.0] AndroidManifest.xml:37:17-109
66                android:value="com.google.firebase.components.ComponentRegistrar" />
66-->[com.google.firebase:firebase-auth:19.1.0] AndroidManifest.xml:38:17-82
67        </service>
68
69        <activity
69-->[com.google.firebase:firebase-auth:19.1.0] AndroidManifest.xml:24:9-31:50
70            android:name="com.google.firebase.auth.internal.FederatedSignInActivity"
70-->[com.google.firebase:firebase-auth:19.1.0] AndroidManifest.xml:25:13-85
71            android:excludeFromRecents="true"
71-->[com.google.firebase:firebase-auth:19.1.0] AndroidManifest.xml:26:13-46
72            android:exported="true"
72-->[com.google.firebase:firebase-auth:19.1.0] AndroidManifest.xml:27:13-36
73            android:launchMode="singleTask"
73-->[com.google.firebase:firebase-auth:19.1.0] AndroidManifest.xml:28:13-44
74            android:permission="com.google.firebase.auth.api.gms.permission.LAUNCH_FEDERATED_SIGN_IN"
74-->[com.google.firebase:firebase-auth:19.1.0] AndroidManifest.xml:29:13-102
75            android:theme="@android:style/Theme.Translucent.NoTitleBar" />
75-->[com.google.firebase:firebase-auth:19.1.0] AndroidManifest.xml:30:13-72
76        <activity
76-->[com.google.android.gms:play-services-base:17.1.0] AndroidManifest.xml:23:9-26:75
77            android:name="com.google.android.gms.common.api.GoogleApiActivity"
77-->[com.google.android.gms:play-services-base:17.1.0] AndroidManifest.xml:24:13-79
78            android:exported="false"
78-->[com.google.android.gms:play-services-base:17.1.0] AndroidManifest.xml:25:13-37
79            android:theme="@android:style/Theme.Translucent.NoTitleBar" />
79-->[com.google.android.gms:play-services-base:17.1.0] AndroidManifest.xml:26:13-72
80
81        <provider
81-->[com.google.firebase:firebase-common:19.1.0] AndroidManifest.xml:17:9-21:39
82            android:name="com.google.firebase.provider.FirebaseInitProvider"
82-->[com.google.firebase:firebase-common:19.1.0] AndroidManifest.xml:18:13-77
83            android:authorities="com.example.project_android_duan.firebaseinitprovider"
83-->[com.google.firebase:firebase-common:19.1.0] AndroidManifest.xml:19:13-72
84            android:exported="false"
84-->[com.google.firebase:firebase-common:19.1.0] AndroidManifest.xml:20:13-37
85            android:initOrder="100" />
85-->[com.google.firebase:firebase-common:19.1.0] AndroidManifest.xml:21:13-36
86
87        <meta-data
87-->[com.google.android.gms:play-services-basement:17.0.0] AndroidManifest.xml:23:9-25:69
88            android:name="com.google.android.gms.version"
88-->[com.google.android.gms:play-services-basement:17.0.0] AndroidManifest.xml:24:13-58
89            android:value="@integer/google_play_services_version" />
89-->[com.google.android.gms:play-services-basement:17.0.0] AndroidManifest.xml:25:13-66
90    </application>
91
92</manifest>